TN:
SF:src\application\message\ports\message-repository.token.ts
FNF:0
FNH:0
DA:1,3
LF:1
LH:1
BRF:0
BRH:0
end_of_record
TN:
SF:src\application\message\ports\message.repository.ts
FNF:0
FNH:0
DA:3,3
LF:1
LH:1
BRF:0
BRH:0
end_of_record
TN:
SF:src\application\message\use-cases\get-messages-by-period.usecase.ts
FN:7,(anonymous_4)
FN:12,(anonymous_5)
FNF:2
FNH:2
FNDA:6,(anonymous_4)
FNDA:6,(anonymous_5)
DA:1,1
DA:2,1
DA:3,1
DA:6,1
DA:9,6
DA:13,6
DA:14,2
DA:17,4
DA:18,4
DA:20,4
DA:21,1
DA:24,3
DA:25,1
DA:28,2
DA:30,2
DA:31,1
DA:34,1
LF:17
LH:17
BRDA:13,0,0,2
BRDA:13,1,0,6
BRDA:13,1,1,5
BRDA:20,2,0,1
BRDA:20,3,0,4
BRDA:20,3,1,3
BRDA:24,4,0,1
BRDA:30,5,0,1
BRDA:30,6,0,2
BRDA:30,6,1,2
BRF:10
BRH:10
end_of_record
TN:
SF:src\application\message\use-cases\get-messages-by-sender.usecase.ts
FN:12,(anonymous_4)
FN:17,(anonymous_5)
FNF:2
FNH:2
FNDA:3,(anonymous_4)
FNDA:3,(anonymous_5)
DA:1,1
DA:7,1
DA:8,1
DA:11,1
DA:14,3
DA:18,3
DA:19,1
DA:22,2
DA:24,2
DA:26,2
DA:27,1
DA:30,1
LF:12
LH:12
BRDA:18,0,0,1
BRDA:18,1,0,3
BRDA:18,1,1,2
BRDA:26,2,0,1
BRDA:26,3,0,2
BRDA:26,3,1,2
BRF:6
BRH:6
end_of_record
TN:
SF:src\application\message\use-cases\update-message-status.usecase.ts
FN:13,(anonymous_4)
FN:18,(anonymous_5)
FNF:2
FNH:2
FNDA:7,(anonymous_4)
FNDA:7,(anonymous_5)
DA:1,1
DA:7,1
DA:8,1
DA:12,1
DA:15,7
DA:19,7
DA:20,1
DA:23,6
DA:24,1
DA:27,5
DA:29,5
DA:30,1
DA:33,4
DA:34,1
DA:37,3
DA:38,3
DA:40,1
DA:43,2
DA:44,2
LF:19
LH:19
BRDA:19,0,0,1
BRDA:19,1,0,7
BRDA:19,1,1,6
BRDA:23,2,0,1
BRDA:29,3,0,1
BRDA:33,4,0,1
BRF:6
BRH:6
end_of_record
TN:
SF:src\domain\message\message-status.enum.ts
FN:1,(anonymous_0)
FNF:1
FNH:1
FNDA:5,(anonymous_0)
DA:1,5
DA:2,5
DA:3,5
DA:4,5
LF:4
LH:4
BRDA:1,0,0,5
BRDA:1,0,1,5
BRF:2
BRH:2
end_of_record
TN:
SF:src\domain\message\message.entity.ts
FN:4,(anonymous_0)
FN:12,(anonymous_1)
FN:19,(anonymous_2)
FN:26,(anonymous_3)
FNF:4
FNH:4
FNDA:24,(anonymous_0)
FNDA:2,(anonymous_1)
FNDA:2,(anonymous_2)
FNDA:8,(anonymous_3)
DA:1,5
DA:3,5
DA:5,24
DA:6,24
DA:7,24
DA:8,24
DA:9,24
DA:13,2
DA:14,1
DA:16,1
DA:20,2
DA:21,1
DA:23,1
DA:27,8
DA:29,7
DA:35,7
DA:36,2
DA:39,5
LF:18
LH:18
BRDA:13,0,0,1
BRDA:20,1,0,1
BRDA:27,2,0,1
BRDA:35,3,0,2
BRF:4
BRH:4
end_of_record
TN:
SF:src\infrastructure\message\in-memory-message.repository.ts
FN:6,(anonymous_1)
FN:9,(anonymous_2)
FN:13,(anonymous_3)
FN:17,(anonymous_4)
FN:21,(anonymous_5)
FN:25,(anonymous_6)
FN:27,(anonymous_7)
FN:32,(anonymous_8)
FNF:8
FNH:8
FNDA:6,(anonymous_1)
FNDA:8,(anonymous_2)
FNDA:3,(anonymous_3)
FNDA:1,(anonymous_4)
FNDA:3,(anonymous_5)
FNDA:2,(anonymous_6)
FNDA:4,(anonymous_7)
FNDA:2,(anonymous_8)
DA:3,1
DA:6,1
DA:7,6
DA:10,8
DA:14,3
DA:18,1
DA:20,1
DA:21,3
DA:26,2
DA:28,4
DA:33,2
LF:11
LH:11
BRDA:14,0,0,3
BRDA:14,0,1,1
BRDA:28,1,0,4
BRDA:28,1,1,3
BRF:4
BRH:4
end_of_record
