TN:
SF:src\application\message\ports\message-repository.token.ts
FNF:0
FNH:0
DA:1,3
LF:1
LH:1
BRF:0
BRH:0
end_of_record
TN:
SF:src\application\message\ports\message.repository.ts
FNF:0
FNH:0
DA:3,3
LF:1
LH:1
BRF:0
BRH:0
end_of_record
TN:
SF:src\application\message\use-cases\get-messages-by-period.usecase.ts
FN:8,(anonymous_4)
FN:13,(anonymous_5)
FNF:2
FNH:2
FNDA:1,(anonymous_4)
FNDA:1,(anonymous_5)
DA:1,1
DA:2,1
DA:3,1
DA:7,1
DA:10,1
DA:14,1
LF:6
LH:6
BRF:0
BRH:0
end_of_record
TN:
SF:src\application\message\use-cases\get-messages-by-sender.usecase.ts
FN:8,(anonymous_4)
FN:13,(anonymous_5)
FNF:2
FNH:2
FNDA:1,(anonymous_4)
FNDA:1,(anonymous_5)
DA:1,1
DA:2,1
DA:3,1
DA:7,1
DA:10,1
DA:14,1
LF:6
LH:6
BRF:0
BRH:0
end_of_record
TN:
SF:src\application\message\use-cases\update-message-status.usecase.ts
FN:13,(anonymous_4)
FN:18,(anonymous_5)
FNF:2
FNH:2
FNDA:5,(anonymous_4)
FNDA:5,(anonymous_5)
DA:1,1
DA:7,1
DA:8,1
DA:12,1
DA:15,5
DA:19,5
DA:21,5
DA:22,1
DA:25,4
DA:26,1
DA:29,3
DA:30,3
DA:32,1
DA:35,2
DA:36,2
LF:15
LH:15
BRDA:21,0,0,1
BRDA:25,1,0,1
BRF:2
BRH:2
end_of_record
TN:
SF:src\domain\message\message-status.enum.ts
FN:1,(anonymous_0)
FNF:1
FNH:1
FNDA:3,(anonymous_0)
DA:1,3
DA:2,3
DA:3,3
DA:4,3
LF:4
LH:4
BRDA:1,0,0,3
BRDA:1,0,1,3
BRF:2
BRH:2
end_of_record
TN:
SF:src\domain\message\message.entity.ts
FN:4,(anonymous_0)
FN:12,(anonymous_1)
FN:19,(anonymous_2)
FN:26,(anonymous_3)
FNF:4
FNH:4
FNDA:21,(anonymous_0)
FNDA:2,(anonymous_1)
FNDA:2,(anonymous_2)
FNDA:8,(anonymous_3)
DA:1,3
DA:3,3
DA:5,21
DA:6,21
DA:7,21
DA:8,21
DA:9,21
DA:13,2
DA:14,1
DA:16,1
DA:20,2
DA:21,1
DA:23,1
DA:27,8
DA:29,7
DA:35,7
DA:36,2
DA:39,5
LF:18
LH:18
BRDA:13,0,0,1
BRDA:20,1,0,1
BRDA:27,2,0,1
BRDA:35,3,0,2
BRF:4
BRH:4
end_of_record
TN:
SF:src\infrastructure\message\in-memory-message.repository.ts
FN:6,(anonymous_1)
FN:9,(anonymous_2)
FN:13,(anonymous_3)
FN:17,(anonymous_4)
FN:21,(anonymous_5)
FN:25,(anonymous_6)
FN:27,(anonymous_7)
FN:32,(anonymous_8)
FNF:8
FNH:8
FNDA:6,(anonymous_1)
FNDA:8,(anonymous_2)
FNDA:3,(anonymous_3)
FNDA:1,(anonymous_4)
FNDA:3,(anonymous_5)
FNDA:2,(anonymous_6)
FNDA:4,(anonymous_7)
FNDA:2,(anonymous_8)
DA:3,1
DA:6,1
DA:7,6
DA:10,8
DA:14,3
DA:18,1
DA:20,1
DA:21,3
DA:26,2
DA:28,4
DA:33,2
LF:11
LH:11
BRDA:14,0,0,3
BRDA:14,0,1,1
BRDA:28,1,0,4
BRDA:28,1,1,3
BRF:4
BRH:4
end_of_record
